[19:30:35] [main/INFO] [LaunchWrapper]: Loading tweak class name net.minecraftforge.fml.common.launcher.FMLServerTweaker
[19:30:35] [main/INFO] [LaunchWrapper]: Using primary tweak class name net.minecraftforge.fml.common.launcher.FMLServerTweaker
[19:30:35] [main/INFO] [LaunchWrapper]: Calling tweak class net.minecraftforge.fml.common.launcher.FMLServerTweaker
[19:30:35] [main/INFO] [FML]: Forge Mod Loader version 14.23.5.2768 for Minecraft 1.12.2 loading
[19:30:35] [main/INFO] [FML]: Java is Java HotSpot(TM) 64-Bit Server VM, version 1.8.0_181, running on Windows 10:amd64:10.0, installed at C:\Program Files\Java\jre1.8.0_181
[19:30:35] [main/ERROR] [FML]: Apache Maven library folder was not in the format expected. Using default libraries directory.
[19:30:35] [main/ERROR] [FML]: Full: C:\Users\miner\Desktop\LavaBukkit\LavaBukkit\target\lavabukkit-1.12.2-R0.1-SNAPSHOT-shaded.jar
[19:30:35] [main/ERROR] [FML]: Trimmed: c:/users/miner/desktop/lavabukkit/lavabukkit/
[19:30:35] [main/INFO] [FML]: Managed to load a deobfuscated Minecraft name- we are in a deobfuscated environment. Skipping runtime deobfuscation
[19:30:35] [main/INFO] [FML]: Ignoring missing certificate for coremod FMLCorePlugin (net.minecraftforge.fml.relauncher.FMLCorePlugin), we are in deobf and it's a forge core plugin
[19:30:35] [main/INFO] [FML]: Ignoring missing certificate for coremod FMLForgePlugin (net.minecraftforge.classloading.FMLForgePlugin), we are in deobf and it's a forge core plugin
[19:30:35] [main/INFO] [FML]: Ignoring missing certificate for coremod LavaPlugin (co.matrixdevelopment.lava.asm.LavaPlugin), we are in deobf and it's a forge core plugin
[19:30:35] [main/INFO] [FML]: Searching C:\Users\miner\Desktop\LavaBukkit\LavaBukkit\.\mods for mods
[19:30:35] [main/INFO] [LaunchWrapper]: Loading tweak class name net.minecraftforge.fml.common.launcher.FMLInjectionAndSortingTweaker
[19:30:35] [main/INFO] [LaunchWrapper]: Loading tweak class name net.minecraftforge.fml.common.launcher.FMLDeobfTweaker
[19:30:35] [main/INFO] [LaunchWrapper]: Calling tweak class net.minecraftforge.fml.common.launcher.FMLInjectionAndSortingTweaker
[19:30:35] [main/INFO] [LaunchWrapper]: Calling tweak class net.minecraftforge.fml.common.launcher.FMLInjectionAndSortingTweaker
[19:30:35] [main/INFO] [LaunchWrapper]: Calling tweak class net.minecraftforge.fml.relauncher.CoreModManager$FMLPluginWrapper
[19:30:36] [main/ERROR] [FML]: FML appears to be missing any signature data. This is not a good thing
[19:30:36] [main/INFO] [LaunchWrapper]: Calling tweak class net.minecraftforge.fml.relauncher.CoreModManager$FMLPluginWrapper
[19:30:36] [main/INFO] [LaunchWrapper]: Calling tweak class net.minecraftforge.fml.relauncher.CoreModManager$FMLPluginWrapper
[19:30:36] [main/INFO] [LaunchWrapper]: Calling tweak class net.minecraftforge.fml.common.launcher.FMLDeobfTweaker
[19:30:36] [main/INFO] [LaunchWrapper]: Loading tweak class name net.minecraftforge.fml.common.launcher.TerminalTweaker
[19:30:36] [main/INFO] [LaunchWrapper]: Calling tweak class net.minecraftforge.fml.common.launcher.TerminalTweaker
[19:30:36] [main/ERROR] [LaunchWrapper]: Unable to launch
java.lang.ClassNotFoundException: net.minecraft.server.MinecraftServer
	at net.minecraft.launchwrapper.LaunchClassLoader.findClass(LaunchClassLoader.java:191) ~[lavabukkit-1.12.2-R0.1-SNAPSHOT-shaded.jar:git-LavaBukkit-unknown]
	at java.lang.ClassLoader.loadClass(Unknown Source) ~[?:1.8.0_181]
	at java.lang.ClassLoader.loadClass(Unknown Source) ~[?:1.8.0_181]
	at java.lang.Class.forName0(Native Method) ~[?:1.8.0_181]
	at java.lang.Class.forName(Unknown Source) ~[?:1.8.0_181]
	at net.minecraft.launchwrapper.Launch.launch(Launch.java:131) [lavabukkit-1.12.2-R0.1-SNAPSHOT-shaded.jar:git-LavaBukkit-unknown]
	at net.minecraft.launchwrapper.Launch.main(Launch.java:28) [lavabukkit-1.12.2-R0.1-SNAPSHOT-shaded.jar:git-LavaBukkit-unknown]
	at sun.reflect.NativeMethodAccessorImpl.invoke0(Native Method) ~[?:1.8.0_181]
	at sun.reflect.NativeMethodAccessorImpl.invoke(Unknown Source) ~[?:1.8.0_181]
	at sun.reflect.DelegatingMethodAccessorImpl.invoke(Unknown Source) ~[?:1.8.0_181]
	at java.lang.reflect.Method.invoke(Unknown Source) ~[?:1.8.0_181]
	at net.minecraftforge.fml.relauncher.ServerLaunchWrapper.run(ServerLaunchWrapper.java:70) [lavabukkit-1.12.2-R0.1-SNAPSHOT-shaded.jar:git-LavaBukkit-unknown]
	at net.minecraftforge.fml.relauncher.ServerLaunchWrapper.main(ServerLaunchWrapper.java:34) [lavabukkit-1.12.2-R0.1-SNAPSHOT-shaded.jar:git-LavaBukkit-unknown]
Caused by: java.lang.NoClassDefFoundError: net/minecraft/command/ICommandSender
	at java.lang.ClassLoader.defineClass1(Native Method) ~[?:1.8.0_181]
	at java.lang.ClassLoader.defineClass(Unknown Source) ~[?:1.8.0_181]
	at java.security.SecureClassLoader.defineClass(Unknown Source) ~[?:1.8.0_181]
	at net.minecraft.launchwrapper.LaunchClassLoader.findClass(LaunchClassLoader.java:182) ~[lavabukkit-1.12.2-R0.1-SNAPSHOT-shaded.jar:git-LavaBukkit-unknown]
	... 12 more
Caused by: java.lang.ClassNotFoundException: net.minecraft.command.ICommandSender
	at net.minecraft.launchwrapper.LaunchClassLoader.findClass(LaunchClassLoader.java:191) ~[lavabukkit-1.12.2-R0.1-SNAPSHOT-shaded.jar:git-LavaBukkit-unknown]
	at java.lang.ClassLoader.loadClass(Unknown Source) ~[?:1.8.0_181]
	at java.lang.ClassLoader.loadClass(Unknown Source) ~[?:1.8.0_181]
	at java.lang.ClassLoader.defineClass1(Native Method) ~[?:1.8.0_181]
	at java.lang.ClassLoader.defineClass(Unknown Source) ~[?:1.8.0_181]
	at java.security.SecureClassLoader.defineClass(Unknown Source) ~[?:1.8.0_181]
	at net.minecraft.launchwrapper.LaunchClassLoader.findClass(LaunchClassLoader.java:182) ~[lavabukkit-1.12.2-R0.1-SNAPSHOT-shaded.jar:git-LavaBukkit-unknown]
	... 12 more
Caused by: java.lang.NullPointerException
	at net.minecraft.launchwrapper.LaunchClassLoader.findClass(LaunchClassLoader.java:182) ~[lavabukkit-1.12.2-R0.1-SNAPSHOT-shaded.jar:git-LavaBukkit-unknown]
	at java.lang.ClassLoader.loadClass(Unknown Source) ~[?:1.8.0_181]
	at java.lang.ClassLoader.loadClass(Unknown Source) ~[?:1.8.0_181]
	at java.lang.ClassLoader.defineClass1(Native Method) ~[?:1.8.0_181]
	at java.lang.ClassLoader.defineClass(Unknown Source) ~[?:1.8.0_181]
	at java.security.SecureClassLoader.defineClass(Unknown Source) ~[?:1.8.0_181]
	at net.minecraft.launchwrapper.LaunchClassLoader.findClass(LaunchClassLoader.java:182) ~[lavabukkit-1.12.2-R0.1-SNAPSHOT-shaded.jar:git-LavaBukkit-unknown]
	... 12 more
[19:30:36] [main/INFO] [STDERR]: [net.minecraftforge.fml.relauncher.ServerLaunchWrapper:main:34]: java.lang.reflect.InvocationTargetException
[19:30:36] [main/INFO] [STDERR]: [net.minecraftforge.fml.relauncher.ServerLaunchWrapper:main:34]: 	at sun.reflect.NativeMethodAccessorImpl.invoke0(Native Method)
[19:30:36] [main/INFO] [STDERR]: [net.minecraftforge.fml.relauncher.ServerLaunchWrapper:main:34]: 	at sun.reflect.NativeMethodAccessorImpl.invoke(Unknown Source)
[19:30:36] [main/INFO] [STDERR]: [net.minecraftforge.fml.relauncher.ServerLaunchWrapper:main:34]: 	at sun.reflect.DelegatingMethodAccessorImpl.invoke(Unknown Source)
[19:30:36] [main/INFO] [STDERR]: [net.minecraftforge.fml.relauncher.ServerLaunchWrapper:main:34]: 	at java.lang.reflect.Method.invoke(Unknown Source)
[19:30:36] [main/INFO] [STDERR]: [net.minecraftforge.fml.relauncher.ServerLaunchWrapper:main:34]: 	at net.minecraftforge.fml.relauncher.ServerLaunchWrapper.run(ServerLaunchWrapper.java:70)
[19:30:36] [main/INFO] [STDERR]: [net.minecraftforge.fml.relauncher.ServerLaunchWrapper:main:34]: 	at net.minecraftforge.fml.relauncher.ServerLaunchWrapper.main(ServerLaunchWrapper.java:34)
[19:30:36] [main/INFO] [STDERR]: [net.minecraftforge.fml.relauncher.ServerLaunchWrapper:run:75]: Caused by: net.minecraftforge.fml.relauncher.FMLSecurityManager$ExitTrappedException
[19:30:36] [main/INFO] [STDERR]: [net.minecraftforge.fml.relauncher.ServerLaunchWrapper:run:75]: 	at net.minecraftforge.fml.relauncher.FMLSecurityManager.checkPermission(FMLSecurityManager.java:52)
[19:30:36] [main/INFO] [STDERR]: [net.minecraftforge.fml.relauncher.ServerLaunchWrapper:run:75]: 	at java.lang.SecurityManager.checkExit(Unknown Source)
[19:30:36] [main/INFO] [STDERR]: [net.minecraftforge.fml.relauncher.ServerLaunchWrapper:run:75]: 	at java.lang.Runtime.exit(Unknown Source)
[19:30:36] [main/INFO] [STDERR]: [net.minecraftforge.fml.relauncher.ServerLaunchWrapper:run:75]: 	at java.lang.System.exit(Unknown Source)
[19:30:36] [main/INFO] [STDERR]: [net.minecraftforge.fml.relauncher.ServerLaunchWrapper:run:75]: 	at net.minecraft.launchwrapper.Launch.launch(Launch.java:138)
[19:30:36] [main/INFO] [STDERR]: [net.minecraftforge.fml.relauncher.ServerLaunchWrapper:run:75]: 	at net.minecraft.launchwrapper.Launch.main(Launch.java:28)
[19:30:36] [main/INFO] [STDERR]: [net.minecraftforge.fml.relauncher.ServerLaunchWrapper:run:75]: 	... 6 more
